#Packing pin usage report
Type: io
	Input Pin Usage:
		Max: 1.00 (0.50)
		Avg: 0.89 (0.44)
		Min: 0.00 (0.00)
		Histogram:
		[        0:      0.2)  38 ( 11.1%) |******
		[      0.2:      0.4)   0 (  0.0%) |
		[      0.4:      0.6)   0 (  0.0%) |
		[      0.6:      0.8)   0 (  0.0%) |
		[      0.8:        1) 304 ( 88.9%) |***********************************************
		[        1:      1.2)   0 (  0.0%) |
		[      1.2:      1.4)   0 (  0.0%) |
		[      1.4:      1.6)   0 (  0.0%) |
		[      1.6:      1.8)   0 (  0.0%) |
		[      1.8:        2)   0 (  0.0%) |
	Output Pin Usage:
		Max: 1.00 (1.00)
		Avg: 0.11 (0.11)
		Min: 0.00 (0.00)
		Histogram:
		[        0:      0.1) 304 ( 88.9%) |***********************************************
		[      0.1:      0.2)   0 (  0.0%) |
		[      0.2:      0.3)   0 (  0.0%) |
		[      0.3:      0.4)   0 (  0.0%) |
		[      0.4:      0.5)   0 (  0.0%) |
		[      0.5:      0.6)   0 (  0.0%) |
		[      0.6:      0.7)   0 (  0.0%) |
		[      0.7:      0.8)   0 (  0.0%) |
		[      0.8:      0.9)   0 (  0.0%) |
		[      0.9:        1)  38 ( 11.1%) |******

Type: clb
	Input Pin Usage:
		Max: 28.00 (0.68)
		Avg: 13.14 (0.32)
		Min: 0.00 (0.00)
		Histogram:
		[        0:      4.1)  21 (  3.2%) |*****
		[      4.1:      8.2)  77 ( 11.8%) |*****************
		[      8.2:       12) 218 ( 33.4%) |***********************************************
		[       12:       16) 167 ( 25.6%) |************************************
		[       16:       20) 115 ( 17.6%) |*************************
		[       20:       25)  49 (  7.5%) |***********
		[       25:       29)   6 (  0.9%) |*
		[       29:       33)   0 (  0.0%) |
		[       33:       37)   0 (  0.0%) |
		[       37:       41)   0 (  0.0%) |
	Output Pin Usage:
		Max: 10.00 (1.00)
		Avg: 5.53 (0.55)
		Min: 1.00 (0.10)
		Histogram:
		[        0:        1) 30 (  4.6%) |***************
		[        1:        2) 63 (  9.6%) |********************************
		[        2:        3) 77 ( 11.8%) |***************************************
		[        3:        4) 72 ( 11.0%) |*************************************
		[        4:        5) 94 ( 14.4%) |************************************************
		[        5:        6) 86 ( 13.2%) |********************************************
		[        6:        7) 67 ( 10.3%) |**********************************
		[        7:        8) 62 (  9.5%) |********************************
		[        8:        9) 33 (  5.1%) |*****************
		[        9:       10) 69 ( 10.6%) |***********************************

