#Timing report of worst 3 path(s)
# Unit scale: 1e-09 seconds
# Output precision: 3

#Path 1
Startpoint: i_5_.inpad[0] (.input clocked by virtual_io_clock)
Endpoint  : out:o_2_.outpad[0] (.output clocked by virtual_io_clock)
Path Type : setup

Point                                                             Incr      Path
--------------------------------------------------------------------------------
clock virtual_io_clock (rise edge)                               0.000     0.000
clock source latency                                             0.000     0.000
input external delay                                             0.000     0.000
i_5_.inpad[0] (.input)                                           0.000     0.000
n_n461.in[0] (.names)                                            1.338     1.338
n_n461.out[0] (.names)                                           0.261     1.599
[1323].in[0] (.names)                                            1.338     2.937
[1323].out[0] (.names)                                           0.261     3.198
[1264].in[0] (.names)                                            1.338     4.535
[1264].out[0] (.names)                                           0.261     4.796
n_n1846.in[0] (.names)                                           1.338     6.134
n_n1846.out[0] (.names)                                          0.261     6.395
n_n1821.in[0] (.names)                                           1.338     7.733
n_n1821.out[0] (.names)                                          0.261     7.994
[7487].in[0] (.names)                                            1.338     9.332
[7487].out[0] (.names)                                           0.261     9.593
[7746].in[2] (.names)                                            1.338    10.930
[7746].out[0] (.names)                                           0.261    11.191
o_2_.in[2] (.names)                                              1.338    12.529
o_2_.out[0] (.names)                                             0.261    12.790
out:o_2_.outpad[0] (.output)                                     1.338    14.128
data arrival time                                                         14.128

clock virtual_io_clock (rise edge)                               0.000     0.000
clock source latency                                             0.000     0.000
clock uncertainty                                                0.000     0.000
output external delay                                            0.000     0.000
data required time                                                         0.000
--------------------------------------------------------------------------------
data required time                                                         0.000
data arrival time                                                        -14.128
--------------------------------------------------------------------------------
slack (VIOLATED)                                                         -14.128


#Path 2
Startpoint: i_27_.inpad[0] (.input clocked by virtual_io_clock)
Endpoint  : out:o_0_.outpad[0] (.output clocked by virtual_io_clock)
Path Type : setup

Point                                                             Incr      Path
--------------------------------------------------------------------------------
clock virtual_io_clock (rise edge)                               0.000     0.000
clock source latency                                             0.000     0.000
input external delay                                             0.000     0.000
i_27_.inpad[0] (.input)                                          0.000     0.000
n_n1369.in[0] (.names)                                           1.338     1.338
n_n1369.out[0] (.names)                                          0.261     1.599
[7819].in[2] (.names)                                            1.338     2.937
[7819].out[0] (.names)                                           0.261     3.198
[868].in[3] (.names)                                             1.338     4.535
[868].out[0] (.names)                                            0.261     4.796
[863].in[3] (.names)                                             1.338     6.134
[863].out[0] (.names)                                            0.261     6.395
n_n1563.in[0] (.names)                                           1.338     7.733
n_n1563.out[0] (.names)                                          0.261     7.994
n_n1548.in[0] (.names)                                           1.338     9.332
n_n1548.out[0] (.names)                                          0.261     9.593
n_n1542.in[0] (.names)                                           1.338    10.930
n_n1542.out[0] (.names)                                          0.261    11.191
o_0_.in[2] (.names)                                              1.338    12.529
o_0_.out[0] (.names)                                             0.261    12.790
out:o_0_.outpad[0] (.output)                                     1.338    14.128
data arrival time                                                         14.128

clock virtual_io_clock (rise edge)                               0.000     0.000
clock source latency                                             0.000     0.000
clock uncertainty                                                0.000     0.000
output external delay                                            0.000     0.000
data required time                                                         0.000
--------------------------------------------------------------------------------
data required time                                                         0.000
data arrival time                                                        -14.128
--------------------------------------------------------------------------------
slack (VIOLATED)                                                         -14.128


#Path 3
Startpoint: i_26_.inpad[0] (.input clocked by virtual_io_clock)
Endpoint  : out:o_1_.outpad[0] (.output clocked by virtual_io_clock)
Path Type : setup

Point                                                             Incr      Path
--------------------------------------------------------------------------------
clock virtual_io_clock (rise edge)                               0.000     0.000
clock source latency                                             0.000     0.000
input external delay                                             0.000     0.000
i_26_.inpad[0] (.input)                                          0.000     0.000
n_n1213.in[0] (.names)                                           1.338     1.338
n_n1213.out[0] (.names)                                          0.261     1.599
[202].in[1] (.names)                                             1.338     2.937
[202].out[0] (.names)                                            0.261     3.198
[1624].in[1] (.names)                                            1.338     4.535
[1624].out[0] (.names)                                           0.261     4.796
[1619].in[1] (.names)                                            1.338     6.134
[1619].out[0] (.names)                                           0.261     6.395
[7094].in[0] (.names)                                            1.338     7.733
[7094].out[0] (.names)                                           0.261     7.994
n_n1690.in[3] (.names)                                           1.338     9.332
n_n1690.out[0] (.names)                                          0.261     9.593
[7252].in[0] (.names)                                            1.338    10.930
[7252].out[0] (.names)                                           0.261    11.191
o_1_.in[2] (.names)                                              1.338    12.529
o_1_.out[0] (.names)                                             0.261    12.790
out:o_1_.outpad[0] (.output)                                     1.338    14.128
data arrival time                                                         14.128

clock virtual_io_clock (rise edge)                               0.000     0.000
clock source latency                                             0.000     0.000
clock uncertainty                                                0.000     0.000
output external delay                                            0.000     0.000
data required time                                                         0.000
--------------------------------------------------------------------------------
data required time                                                         0.000
data arrival time                                                        -14.128
--------------------------------------------------------------------------------
slack (VIOLATED)                                                         -14.128


#End of timing report
